2026-03-27 17:45:31 ======================================================================
2026-03-27 17:45:31 CAPITAL SIMULATION — 2026-03-27 17:45:31
2026-03-27 17:45:31 Total capital: $10,000
2026-03-27 17:45:31 Pairs: 140
2026-03-27 17:45:31 Rotation: ON (max 2/day, cost=0.0010/day)
2026-03-27 17:45:31 Min trade: $200/leg, Max per trade: 25%
2026-03-27 17:45:31 ======================================================================
2026-03-27 17:45:31 [Day  90] REJECT KEY/RF quality_gate hl=1.2<2.0
2026-03-27 17:45:31 [Day  90] SCAN_FUNNEL candidates=140 valid_signals=0 open=0 pool=$10000 (no actionable signals today)
2026-03-27 17:45:31 [Day  90] DAILY: 0 pos, deployed=$0/10000 (0%), pool=$10000, entries=0 exits=0 rot=0 pnl=$+0.00 | IDLE
2026-03-27 17:45:31 [Day  91] REJECT KEY/RF quality_gate hl=1.2<2.0
2026-03-27 17:45:31 [Day  91] SCAN_FUNNEL candidates=140 valid_signals=0 open=0 pool=$10000 (no actionable signals today)
2026-03-27 17:45:31 [Day  91] DAILY: 0 pos, deployed=$0/10000 (0%), pool=$10000, entries=0 exits=0 rot=0 pnl=$+0.00 | IDLE
2026-03-27 17:45:31 [Day  92] REJECT KEY/RF quality_gate hl=1.2<2.0
2026-03-27 17:45:31 [Day  92] SCAN_FUNNEL candidates=140 valid_signals=0 open=0 pool=$10000 (no actionable signals today)
2026-03-27 17:45:31 [Day  92] DAILY: 0 pos, deployed=$0/10000 (0%), pool=$10000, entries=0 exits=0 rot=0 pnl=$+0.00 | IDLE
2026-03-27 17:45:31 [Day  93] REJECT KEY/RF quality_gate hl=1.2<2.0
2026-03-27 17:45:31 [Day  93] SCAN_FUNNEL candidates=140 valid_signals=0 open=0 pool=$10000 (no actionable signals today)
2026-03-27 17:45:31 [Day  93] DAILY: 0 pos, deployed=$0/10000 (0%), pool=$10000, entries=0 exits=0 rot=0 pnl=$+0.00 | IDLE
2026-03-27 17:45:31 [Day  94] REJECT KEY/RF quality_gate hl=1.2<2.0
2026-03-27 17:45:31 [Day  94] SCAN_FUNNEL candidates=140 valid_signals=0 open=0 pool=$10000 (no actionable signals today)
2026-03-27 17:45:31 [Day  94] DAILY: 0 pos, deployed=$0/10000 (0%), pool=$10000, entries=0 exits=0 rot=0 pnl=$+0.00 | IDLE
2026-03-27 17:45:31 [Day  95] REJECT KEY/RF quality_gate hl=1.2<2.0
2026-03-27 17:45:31 [Day  95] SCAN_FUNNEL candidates=140 valid_signals=0 open=0 pool=$10000 (no actionable signals today)
2026-03-27 17:45:31 [Day  95] DAILY: 0 pos, deployed=$0/10000 (0%), pool=$10000, entries=0 exits=0 rot=0 pnl=$+0.00 | IDLE
2026-03-27 17:45:31 [Day  96] REJECT KEY/RF quality_gate hl=1.2<2.0
2026-03-27 17:45:31 [Day  96] SCAN_FUNNEL candidates=140 valid_signals=0 open=0 pool=$10000 (no actionable signals today)
2026-03-27 17:45:31 [Day  96] DAILY: 0 pos, deployed=$0/10000 (0%), pool=$10000, entries=0 exits=0 rot=0 pnl=$+0.00 | IDLE
2026-03-27 17:45:31 [Day  97] REJECT KEY/RF quality_gate hl=1.1<2.0
2026-03-27 17:45:31 [Day  97] SCAN_FUNNEL candidates=140 valid_signals=0 open=0 pool=$10000 (no actionable signals today)
2026-03-27 17:45:31 [Day  97] DAILY: 0 pos, deployed=$0/10000 (0%), pool=$10000, entries=0 exits=0 rot=0 pnl=$+0.00 | IDLE
2026-03-27 17:45:31 [Day  98] REJECT KEY/RF quality_gate hl=1.1<2.0
2026-03-27 17:45:31 [Day  98] SCAN_FUNNEL candidates=140 valid_signals=0 open=0 pool=$10000 (no actionable signals today)
2026-03-27 17:45:31 [Day  98] DAILY: 0 pos, deployed=$0/10000 (0%), pool=$10000, entries=0 exits=0 rot=0 pnl=$+0.00 | IDLE
2026-03-27 17:45:31 [Day  99] REJECT KEY/RF quality_gate hl=1.1<2.0
2026-03-27 17:45:31 [Day  99] SCAN_FUNNEL candidates=140 valid_signals=0 open=0 pool=$10000 (no actionable signals today)
2026-03-27 17:45:31 [Day  99] DAILY: 0 pos, deployed=$0/10000 (0%), pool=$10000, entries=0 exits=0 rot=0 pnl=$+0.00 | IDLE
2026-03-27 17:45:31 [Day 100] REJECT KEY/RF quality_gate hl=1.1<2.0
2026-03-27 17:45:31 [Day 100] SCAN_FUNNEL candidates=140 valid_signals=0 open=0 pool=$10000 (no actionable signals today)
2026-03-27 17:45:31 [Day 100] DAILY: 0 pos, deployed=$0/10000 (0%), pool=$10000, entries=0 exits=0 rot=0 pnl=$+0.00 | IDLE
2026-03-27 17:45:31 [Day 101] REJECT KEY/RF quality_gate hl=1.1<2.0
2026-03-27 17:45:31 [Day 101] SCAN_FUNNEL candidates=140 valid_signals=0 open=0 pool=$10000 (no actionable signals today)
2026-03-27 17:45:31 [Day 101] DAILY: 0 pos, deployed=$0/10000 (0%), pool=$10000, entries=0 exits=0 rot=0 pnl=$+0.00 | IDLE
2026-03-27 17:45:31 [Day 102] REJECT KEY/RF quality_gate hl=1.1<2.0
2026-03-27 17:45:31 [Day 102] SCAN_FUNNEL candidates=140 valid_signals=0 open=0 pool=$10000 (no actionable signals today)
2026-03-27 17:45:31 [Day 102] DAILY: 0 pos, deployed=$0/10000 (0%), pool=$10000, entries=0 exits=0 rot=0 pnl=$+0.00 | IDLE
2026-03-27 17:45:31 [Day 103] REJECT KEY/RF quality_gate hl=1.1<2.0
2026-03-27 17:45:31 [Day 103] SCAN_FUNNEL candidates=140 valid_signals=0 open=0 pool=$10000 (no actionable signals today)
2026-03-27 17:45:31 [Day 103] DAILY: 0 pos, deployed=$0/10000 (0%), pool=$10000, entries=0 exits=0 rot=0 pnl=$+0.00 | IDLE
2026-03-27 17:45:31 [Day 104] REJECT KEY/RF quality_gate hl=1.1<2.0
2026-03-27 17:45:31 [Day 104] SCAN_FUNNEL candidates=140 valid_signals=0 open=0 pool=$10000 (no actionable signals today)
2026-03-27 17:45:31 [Day 104] DAILY: 0 pos, deployed=$0/10000 (0%), pool=$10000, entries=0 exits=0 rot=0 pnl=$+0.00 | IDLE
2026-03-27 17:45:31 [Day 105] REJECT KEY/RF quality_gate hl=1.2<2.0
2026-03-27 17:45:31 [Day 105] SCAN_FUNNEL candidates=140 valid_signals=0 open=0 pool=$10000 (no actionable signals today)
2026-03-27 17:45:31 [Day 105] DAILY: 0 pos, deployed=$0/10000 (0%), pool=$10000, entries=0 exits=0 rot=0 pnl=$+0.00 | IDLE
2026-03-27 17:45:31 [Day 106] REJECT KEY/RF quality_gate hl=1.2<2.0
2026-03-27 17:45:31 [Day 106] SCAN_FUNNEL candidates=140 valid_signals=0 open=0 pool=$10000 (no actionable signals today)
2026-03-27 17:45:31 [Day 106] DAILY: 0 pos, deployed=$0/10000 (0%), pool=$10000, entries=0 exits=0 rot=0 pnl=$+0.00 | IDLE
2026-03-27 17:45:32 [Day 107] REJECT KEY/RF quality_gate hl=1.2<2.0
2026-03-27 17:45:32 [Day 107] SCAN_FUNNEL candidates=140 valid_signals=0 open=0 pool=$10000 (no actionable signals today)
2026-03-27 17:45:32 [Day 107] DAILY: 0 pos, deployed=$0/10000 (0%), pool=$10000, entries=0 exits=0 rot=0 pnl=$+0.00 | IDLE
2026-03-27 17:45:32 [Day 108] REJECT KEY/RF quality_gate hl=1.2<2.0
2026-03-27 17:45:32 [Day 108] SCAN_FUNNEL candidates=140 valid_signals=0 open=0 pool=$10000 (no actionable signals today)
2026-03-27 17:45:32 [Day 108] DAILY: 0 pos, deployed=$0/10000 (0%), pool=$10000, entries=0 exits=0 rot=0 pnl=$+0.00 | IDLE
2026-03-27 17:45:32 [Day 109] REJECT KEY/RF quality_gate hl=1.2<2.0
2026-03-27 17:45:32 [Day 109] SCAN_FUNNEL candidates=140 valid_signals=0 open=0 pool=$10000 (no actionable signals today)
2026-03-27 17:45:32 [Day 109] DAILY: 0 pos, deployed=$0/10000 (0%), pool=$10000, entries=0 exits=0 rot=0 pnl=$+0.00 | IDLE
2026-03-27 17:45:32 [Day 110] REJECT KEY/RF quality_gate hl=1.1<2.0
2026-03-27 17:45:32 [Day 110] SCAN_FUNNEL candidates=140 valid_signals=0 open=0 pool=$10000 (no actionable signals today)
2026-03-27 17:45:32 [Day 110] DAILY: 0 pos, deployed=$0/10000 (0%), pool=$10000, entries=0 exits=0 rot=0 pnl=$+0.00 | IDLE
2026-03-27 17:45:32 [Day 111] REJECT KEY/RF quality_gate hl=1.1<2.0
2026-03-27 17:45:32 [Day 111] SCAN_FUNNEL candidates=140 valid_signals=0 open=0 pool=$10000 (no actionable signals today)
2026-03-27 17:45:32 [Day 111] DAILY: 0 pos, deployed=$0/10000 (0%), pool=$10000, entries=0 exits=0 rot=0 pnl=$+0.00 | IDLE
2026-03-27 17:45:32 [Day 112] REJECT KEY/RF quality_gate hl=1.1<2.0
2026-03-27 17:45:32 [Day 112] SCAN_FUNNEL candidates=140 valid_signals=0 open=0 pool=$10000 (no actionable signals today)
2026-03-27 17:45:32 [Day 112] DAILY: 0 pos, deployed=$0/10000 (0%), pool=$10000, entries=0 exits=0 rot=0 pnl=$+0.00 | IDLE
2026-03-27 17:45:32 [Day 113] REJECT KEY/RF quality_gate hl=1.1<2.0
2026-03-27 17:45:32 [Day 113] SCAN_FUNNEL candidates=140 valid_signals=0 open=0 pool=$10000 (no actionable signals today)
2026-03-27 17:45:32 [Day 113] DAILY: 0 pos, deployed=$0/10000 (0%), pool=$10000, entries=0 exits=0 rot=0 pnl=$+0.00 | IDLE
2026-03-27 17:45:32 [Day 114] REJECT KEY/RF quality_gate hl=1.2<2.0
2026-03-27 17:45:32 [Day 114] SCAN_FUNNEL candidates=140 valid_signals=0 open=0 pool=$10000 (no actionable signals today)
2026-03-27 17:45:32 [Day 114] DAILY: 0 pos, deployed=$0/10000 (0%), pool=$10000, entries=0 exits=0 rot=0 pnl=$+0.00 | IDLE
2026-03-27 17:45:32 [Day 115] REJECT KEY/RF quality_gate hl=1.2<2.0
2026-03-27 17:45:32 [Day 115] SCAN_FUNNEL candidates=140 valid_signals=0 open=0 pool=$10000 (no actionable signals today)
2026-03-27 17:45:32 [Day 115] DAILY: 0 pos, deployed=$0/10000 (0%), pool=$10000, entries=0 exits=0 rot=0 pnl=$+0.00 | IDLE
2026-03-27 17:45:32 [Day 116] REJECT KEY/RF quality_gate hl=1.1<2.0
2026-03-27 17:45:32 [Day 116] SCAN_FUNNEL candidates=140 valid_signals=0 open=0 pool=$10000 (no actionable signals today)
2026-03-27 17:45:32 [Day 116] DAILY: 0 pos, deployed=$0/10000 (0%), pool=$10000, entries=0 exits=0 rot=0 pnl=$+0.00 | IDLE
2026-03-27 17:45:32 [Day 117] REJECT KEY/RF quality_gate hl=1.1<2.0
2026-03-27 17:45:32 [Day 117] SCAN_FUNNEL candidates=140 valid_signals=0 open=0 pool=$10000 (no actionable signals today)
2026-03-27 17:45:32 [Day 117] DAILY: 0 pos, deployed=$0/10000 (0%), pool=$10000, entries=0 exits=0 rot=0 pnl=$+0.00 | IDLE
2026-03-27 17:45:32 [Day 118] REJECT KEY/RF quality_gate hl=1.1<2.0
2026-03-27 17:45:32 [Day 118] SCAN_FUNNEL candidates=140 valid_signals=0 open=0 pool=$10000 (no actionable signals today)
2026-03-27 17:45:32 [Day 118] DAILY: 0 pos, deployed=$0/10000 (0%), pool=$10000, entries=0 exits=0 rot=0 pnl=$+0.00 | IDLE
2026-03-27 17:45:32 [Day 119] REJECT KEY/RF quality_gate hl=1.1<2.0
2026-03-27 17:45:32 [Day 119] SCAN_FUNNEL candidates=140 valid_signals=0 open=0 pool=$10000 (no actionable signals today)
2026-03-27 17:45:32 [Day 119] DAILY: 0 pos, deployed=$0/10000 (0%), pool=$10000, entries=0 exits=0 rot=0 pnl=$+0.00 | IDLE
2026-03-27 17:45:32 [Day 120] REJECT KEY/RF quality_gate hl=1.1<2.0
2026-03-27 17:45:32 [Day 120] SCAN_FUNNEL candidates=140 valid_signals=0 open=0 pool=$10000 (no actionable signals today)
2026-03-27 17:45:32 [Day 120] DAILY: 0 pos, deployed=$0/10000 (0%), pool=$10000, entries=0 exits=0 rot=0 pnl=$+0.00 | IDLE
2026-03-27 17:45:32 [Day 121] REJECT KEY/RF quality_gate hl=1.2<2.0
2026-03-27 17:45:32 [Day 121] SCAN_FUNNEL candidates=140 valid_signals=0 open=0 pool=$10000 (no actionable signals today)
2026-03-27 17:45:32 [Day 121] DAILY: 0 pos, deployed=$0/10000 (0%), pool=$10000, entries=0 exits=0 rot=0 pnl=$+0.00 | IDLE
2026-03-27 17:45:32 [Day 122] REJECT KEY/RF quality_gate hl=1.2<2.0
2026-03-27 17:45:32 [Day 122] SCAN_FUNNEL candidates=140 valid_signals=0 open=0 pool=$10000 (no actionable signals today)
2026-03-27 17:45:32 [Day 122] DAILY: 0 pos, deployed=$0/10000 (0%), pool=$10000, entries=0 exits=0 rot=0 pnl=$+0.00 | IDLE
2026-03-27 17:45:32 [Day 123] REJECT KEY/RF quality_gate hl=1.2<2.0
2026-03-27 17:45:32 [Day 123] SCAN_FUNNEL candidates=140 valid_signals=0 open=0 pool=$10000 (no actionable signals today)
2026-03-27 17:45:32 [Day 123] DAILY: 0 pos, deployed=$0/10000 (0%), pool=$10000, entries=0 exits=0 rot=0 pnl=$+0.00 | IDLE
2026-03-27 17:45:32 [Day 124] REJECT KEY/RF quality_gate hl=1.3<2.0
2026-03-27 17:45:32 [Day 124] SCAN_FUNNEL candidates=140 valid_signals=0 open=0 pool=$10000 (no actionable signals today)
2026-03-27 17:45:32 [Day 124] DAILY: 0 pos, deployed=$0/10000 (0%), pool=$10000, entries=0 exits=0 rot=0 pnl=$+0.00 | IDLE
2026-03-27 17:45:32 [Day 125] REJECT KEY/RF quality_gate hl=1.3<2.0
2026-03-27 17:45:32 [Day 125] SCAN_FUNNEL candidates=140 valid_signals=0 open=0 pool=$10000 (no actionable signals today)
2026-03-27 17:45:32 [Day 125] DAILY: 0 pos, deployed=$0/10000 (0%), pool=$10000, entries=0 exits=0 rot=0 pnl=$+0.00 | IDLE
2026-03-27 17:45:32 [Day 126] REJECT KEY/RF quality_gate hl=1.3<2.0
2026-03-27 17:45:32 [Day 126] SCAN_FUNNEL candidates=140 valid_signals=0 open=0 pool=$10000 (no actionable signals today)
2026-03-27 17:45:32 [Day 126] DAILY: 0 pos, deployed=$0/10000 (0%), pool=$10000, entries=0 exits=0 rot=0 pnl=$+0.00 | IDLE
2026-03-27 17:45:32 [Day 127] REJECT KEY/RF quality_gate hl=1.3<2.0
2026-03-27 17:45:32 [Day 127] SCAN_FUNNEL candidates=140 valid_signals=0 open=0 pool=$10000 (no actionable signals today)
2026-03-27 17:45:32 [Day 127] DAILY: 0 pos, deployed=$0/10000 (0%), pool=$10000, entries=0 exits=0 rot=0 pnl=$+0.00 | IDLE
2026-03-27 17:45:32 [Day 128] REJECT KEY/RF quality_gate hl=1.3<2.0
2026-03-27 17:45:32 [Day 128] SCAN_FUNNEL candidates=140 valid_signals=0 open=0 pool=$10000 (no actionable signals today)
2026-03-27 17:45:32 [Day 128] DAILY: 0 pos, deployed=$0/10000 (0%), pool=$10000, entries=0 exits=0 rot=0 pnl=$+0.00 | IDLE
2026-03-27 17:45:32 [Day 129] REJECT KEY/RF quality_gate hl=1.3<2.0
2026-03-27 17:45:32 [Day 129] SCAN_FUNNEL candidates=140 valid_signals=0 open=0 pool=$10000 (no actionable signals today)
2026-03-27 17:45:32 [Day 129] DAILY: 0 pos, deployed=$0/10000 (0%), pool=$10000, entries=0 exits=0 rot=0 pnl=$+0.00 | IDLE
2026-03-27 17:45:32 [Day 130] REJECT KEY/RF quality_gate hl=1.3<2.0
2026-03-27 17:45:32 [Day 130] SCAN_FUNNEL candidates=140 valid_signals=0 open=0 pool=$10000 (no actionable signals today)
2026-03-27 17:45:32 [Day 130] DAILY: 0 pos, deployed=$0/10000 (0%), pool=$10000, entries=0 exits=0 rot=0 pnl=$+0.00 | IDLE
2026-03-27 17:45:32 [Day 131] REJECT KEY/RF quality_gate hl=1.3<2.0
2026-03-27 17:45:32 [Day 131] SCAN_FUNNEL candidates=140 valid_signals=0 open=0 pool=$10000 (no actionable signals today)
2026-03-27 17:45:32 [Day 131] DAILY: 0 pos, deployed=$0/10000 (0%), pool=$10000, entries=0 exits=0 rot=0 pnl=$+0.00 | IDLE
2026-03-27 17:45:32 [Day 132] REJECT KEY/RF quality_gate hl=1.3<2.0
2026-03-27 17:45:32 [Day 132] SCAN_FUNNEL candidates=140 valid_signals=0 open=0 pool=$10000 (no actionable signals today)
2026-03-27 17:45:32 [Day 132] DAILY: 0 pos, deployed=$0/10000 (0%), pool=$10000, entries=0 exits=0 rot=0 pnl=$+0.00 | IDLE
2026-03-27 17:45:32 [Day 133] REJECT KEY/RF quality_gate hl=1.4<2.0
2026-03-27 17:45:32 [Day 133] SCAN_FUNNEL candidates=140 valid_signals=0 open=0 pool=$10000 (no actionable signals today)
2026-03-27 17:45:32 [Day 133] DAILY: 0 pos, deployed=$0/10000 (0%), pool=$10000, entries=0 exits=0 rot=0 pnl=$+0.00 | IDLE
2026-03-27 17:45:32 [Day 134] REJECT KEY/RF quality_gate hl=1.4<2.0
2026-03-27 17:45:32 [Day 134] SCAN_FUNNEL candidates=140 valid_signals=0 open=0 pool=$10000 (no actionable signals today)
2026-03-27 17:45:32 [Day 134] DAILY: 0 pos, deployed=$0/10000 (0%), pool=$10000, entries=0 exits=0 rot=0 pnl=$+0.00 | IDLE
2026-03-27 17:45:32 [Day 135] REJECT KEY/RF quality_gate hl=1.4<2.0
2026-03-27 17:45:32 [Day 135] SCAN_FUNNEL candidates=140 valid_signals=0 open=0 pool=$10000 (no actionable signals today)
2026-03-27 17:45:32 [Day 135] DAILY: 0 pos, deployed=$0/10000 (0%), pool=$10000, entries=0 exits=0 rot=0 pnl=$+0.00 | IDLE
2026-03-27 17:45:32 [Day 136] REJECT KEY/RF quality_gate hl=1.4<2.0
2026-03-27 17:45:32 [Day 136] SCAN_FUNNEL candidates=140 valid_signals=0 open=0 pool=$10000 (no actionable signals today)
2026-03-27 17:45:32 [Day 136] DAILY: 0 pos, deployed=$0/10000 (0%), pool=$10000, entries=0 exits=0 rot=0 pnl=$+0.00 | IDLE
2026-03-27 17:45:32 [Day 137] REJECT KEY/RF quality_gate hl=1.4<2.0
2026-03-27 17:45:32 [Day 137] SCAN_FUNNEL candidates=140 valid_signals=0 open=0 pool=$10000 (no actionable signals today)
2026-03-27 17:45:32 [Day 137] DAILY: 0 pos, deployed=$0/10000 (0%), pool=$10000, entries=0 exits=0 rot=0 pnl=$+0.00 | IDLE
2026-03-27 17:45:32 [Day 138] REJECT KEY/RF quality_gate hl=1.4<2.0
2026-03-27 17:45:32 [Day 138] SCAN_FUNNEL candidates=140 valid_signals=0 open=0 pool=$10000 (no actionable signals today)
2026-03-27 17:45:32 [Day 138] DAILY: 0 pos, deployed=$0/10000 (0%), pool=$10000, entries=0 exits=0 rot=0 pnl=$+0.00 | IDLE
2026-03-27 17:45:32 [Day 139] REJECT KEY/RF quality_gate hl=1.4<2.0
2026-03-27 17:45:32 [Day 139] SCAN_FUNNEL candidates=140 valid_signals=0 open=0 pool=$10000 (no actionable signals today)
2026-03-27 17:45:32 [Day 139] DAILY: 0 pos, deployed=$0/10000 (0%), pool=$10000, entries=0 exits=0 rot=0 pnl=$+0.00 | IDLE
2026-03-27 17:45:32 [Day 140] REJECT KEY/RF quality_gate hl=1.4<2.0
2026-03-27 17:45:32 [Day 140] SCAN_FUNNEL candidates=140 valid_signals=0 open=0 pool=$10000 (no actionable signals today)
2026-03-27 17:45:32 [Day 140] DAILY: 0 pos, deployed=$0/10000 (0%), pool=$10000, entries=0 exits=0 rot=0 pnl=$+0.00 | IDLE
2026-03-27 17:45:32 [Day 141] REJECT KEY/RF quality_gate hl=1.4<2.0
2026-03-27 17:45:32 [Day 141] SCAN_FUNNEL candidates=140 valid_signals=0 open=0 pool=$10000 (no actionable signals today)
2026-03-27 17:45:32 [Day 141] DAILY: 0 pos, deployed=$0/10000 (0%), pool=$10000, entries=0 exits=0 rot=0 pnl=$+0.00 | IDLE
2026-03-27 17:45:32 [Day 142] REJECT KEY/RF quality_gate hl=1.4<2.0
2026-03-27 17:45:32 [Day 142] SCAN_FUNNEL candidates=140 valid_signals=0 open=0 pool=$10000 (no actionable signals today)
2026-03-27 17:45:32 [Day 142] DAILY: 0 pos, deployed=$0/10000 (0%), pool=$10000, entries=0 exits=0 rot=0 pnl=$+0.00 | IDLE
2026-03-27 17:45:32 [Day 143] REJECT KEY/RF quality_gate hl=1.4<2.0
2026-03-27 17:45:32 [Day 143] SCAN_FUNNEL candidates=140 valid_signals=0 open=0 pool=$10000 (no actionable signals today)
2026-03-27 17:45:32 [Day 143] DAILY: 0 pos, deployed=$0/10000 (0%), pool=$10000, entries=0 exits=0 rot=0 pnl=$+0.00 | IDLE
2026-03-27 17:45:32 [Day 144] REJECT KEY/RF quality_gate hl=1.4<2.0
2026-03-27 17:45:32 [Day 144] SCAN_FUNNEL candidates=140 valid_signals=0 open=0 pool=$10000 (no actionable signals today)
2026-03-27 17:45:32 [Day 144] DAILY: 0 pos, deployed=$0/10000 (0%), pool=$10000, entries=0 exits=0 rot=0 pnl=$+0.00 | IDLE
2026-03-27 17:45:32 [Day 145] REJECT KEY/RF quality_gate hl=1.4<2.0
2026-03-27 17:45:32 [Day 145] SCAN_FUNNEL candidates=140 valid_signals=0 open=0 pool=$10000 (no actionable signals today)
2026-03-27 17:45:32 [Day 145] DAILY: 0 pos, deployed=$0/10000 (0%), pool=$10000, entries=0 exits=0 rot=0 pnl=$+0.00 | IDLE
2026-03-27 17:45:32 [Day 146] REJECT KEY/RF quality_gate hl=1.4<2.0
2026-03-27 17:45:32 [Day 146] SCAN_FUNNEL candidates=140 valid_signals=0 open=0 pool=$10000 (no actionable signals today)
2026-03-27 17:45:32 [Day 146] DAILY: 0 pos, deployed=$0/10000 (0%), pool=$10000, entries=0 exits=0 rot=0 pnl=$+0.00 | IDLE
2026-03-27 17:45:32 [Day 147] REJECT KEY/RF quality_gate hl=1.4<2.0
2026-03-27 17:45:32 [Day 147] SCAN_FUNNEL candidates=140 valid_signals=0 open=0 pool=$10000 (no actionable signals today)
2026-03-27 17:45:32 [Day 147] DAILY: 0 pos, deployed=$0/10000 (0%), pool=$10000, entries=0 exits=0 rot=0 pnl=$+0.00 | IDLE
2026-03-27 17:45:32 [Day 148] REJECT KEY/RF quality_gate hl=1.4<2.0
2026-03-27 17:45:32 [Day 148] SCAN_FUNNEL candidates=140 valid_signals=0 open=0 pool=$10000 (no actionable signals today)
2026-03-27 17:45:32 [Day 148] DAILY: 0 pos, deployed=$0/10000 (0%), pool=$10000, entries=0 exits=0 rot=0 pnl=$+0.00 | IDLE
2026-03-27 17:45:32 [Day 149] REJECT KEY/RF quality_gate hl=1.4<2.0
2026-03-27 17:45:32 [Day 149] SCAN_FUNNEL candidates=140 valid_signals=0 open=0 pool=$10000 (no actionable signals today)
2026-03-27 17:45:32 [Day 149] DAILY: 0 pos, deployed=$0/10000 (0%), pool=$10000, entries=0 exits=0 rot=0 pnl=$+0.00 | IDLE
2026-03-27 17:45:32 [Day 150] REJECT KEY/RF quality_gate hl=1.4<2.0
2026-03-27 17:45:32 [Day 150] SCAN_FUNNEL candidates=140 valid_signals=0 open=0 pool=$10000 (no actionable signals today)
2026-03-27 17:45:32 [Day 150] DAILY: 0 pos, deployed=$0/10000 (0%), pool=$10000, entries=0 exits=0 rot=0 pnl=$+0.00 | IDLE
2026-03-27 17:45:32 [Day 151] REJECT KEY/RF quality_gate hl=1.4<2.0
2026-03-27 17:45:32 [Day 151] SCAN_FUNNEL candidates=140 valid_signals=0 open=0 pool=$10000 (no actionable signals today)
2026-03-27 17:45:32 [Day 151] DAILY: 0 pos, deployed=$0/10000 (0%), pool=$10000, entries=0 exits=0 rot=0 pnl=$+0.00 | IDLE
2026-03-27 17:45:32 [Day 152] REJECT KEY/RF quality_gate hl=1.4<2.0
2026-03-27 17:45:32 [Day 152] SCAN_FUNNEL candidates=140 valid_signals=0 open=0 pool=$10000 (no actionable signals today)
2026-03-27 17:45:32 [Day 152] DAILY: 0 pos, deployed=$0/10000 (0%), pool=$10000, entries=0 exits=0 rot=0 pnl=$+0.00 | IDLE
2026-03-27 17:45:32 [Day 153] REJECT KEY/RF quality_gate hl=1.4<2.0
2026-03-27 17:45:33 [Day 153] SCAN_FUNNEL candidates=140 valid_signals=0 open=0 pool=$10000 (no actionable signals today)
2026-03-27 17:45:33 [Day 153] DAILY: 0 pos, deployed=$0/10000 (0%), pool=$10000, entries=0 exits=0 rot=0 pnl=$+0.00 | IDLE
2026-03-27 17:45:33 [Day 154] REJECT KEY/RF quality_gate hl=1.4<2.0
2026-03-27 17:45:33 [Day 154] SCAN_FUNNEL candidates=140 valid_signals=0 open=0 pool=$10000 (no actionable signals today)
2026-03-27 17:45:33 [Day 154] DAILY: 0 pos, deployed=$0/10000 (0%), pool=$10000, entries=0 exits=0 rot=0 pnl=$+0.00 | IDLE
2026-03-27 17:45:33 [Day 155] REJECT KEY/RF quality_gate hl=1.4<2.0
2026-03-27 17:45:33 [Day 155] SCAN_FUNNEL candidates=140 valid_signals=0 open=0 pool=$10000 (no actionable signals today)
2026-03-27 17:45:33 [Day 155] DAILY: 0 pos, deployed=$0/10000 (0%), pool=$10000, entries=0 exits=0 rot=0 pnl=$+0.00 | IDLE
2026-03-27 17:45:33 [Day 156] REJECT KEY/RF quality_gate hl=1.4<2.0
2026-03-27 17:45:33 [Day 156] SCAN_FUNNEL candidates=140 valid_signals=0 open=0 pool=$10000 (no actionable signals today)
2026-03-27 17:45:33 [Day 156] DAILY: 0 pos, deployed=$0/10000 (0%), pool=$10000, entries=0 exits=0 rot=0 pnl=$+0.00 | IDLE
2026-03-27 17:45:33 [Day 157] REJECT KEY/RF quality_gate hl=1.4<2.0
2026-03-27 17:45:33 [Day 157] SCAN_FUNNEL candidates=140 valid_signals=0 open=0 pool=$10000 (no actionable signals today)
2026-03-27 17:45:33 [Day 157] DAILY: 0 pos, deployed=$0/10000 (0%), pool=$10000, entries=0 exits=0 rot=0 pnl=$+0.00 | IDLE
2026-03-27 17:45:33 [Day 158] REJECT KEY/RF quality_gate hl=1.4<2.0
2026-03-27 17:45:33 [Day 158] SCAN_FUNNEL candidates=140 valid_signals=0 open=0 pool=$10000 (no actionable signals today)
2026-03-27 17:45:33 [Day 158] DAILY: 0 pos, deployed=$0/10000 (0%), pool=$10000, entries=0 exits=0 rot=0 pnl=$+0.00 | IDLE
2026-03-27 17:45:33 [Day 159] REJECT KEY/RF quality_gate hl=1.4<2.0
2026-03-27 17:45:33 [Day 159] SCAN_FUNNEL candidates=140 valid_signals=0 open=0 pool=$10000 (no actionable signals today)
2026-03-27 17:45:33 [Day 159] DAILY: 0 pos, deployed=$0/10000 (0%), pool=$10000, entries=0 exits=0 rot=0 pnl=$+0.00 | IDLE
2026-03-27 17:45:33 [Day 160] REJECT KEY/RF quality_gate hl=1.4<2.0
2026-03-27 17:45:33 [Day 160] SCAN_FUNNEL candidates=140 valid_signals=0 open=0 pool=$10000 (no actionable signals today)
2026-03-27 17:45:33 [Day 160] DAILY: 0 pos, deployed=$0/10000 (0%), pool=$10000, entries=0 exits=0 rot=0 pnl=$+0.00 | IDLE
2026-03-27 17:45:33 [Day 161] REJECT KEY/RF quality_gate hl=1.4<2.0
2026-03-27 17:45:33 [Day 161] SCAN_FUNNEL candidates=140 valid_signals=0 open=0 pool=$10000 (no actionable signals today)
2026-03-27 17:45:33 [Day 161] DAILY: 0 pos, deployed=$0/10000 (0%), pool=$10000, entries=0 exits=0 rot=0 pnl=$+0.00 | IDLE
2026-03-27 17:45:33 [Day 162] REJECT KEY/RF quality_gate hl=1.4<2.0
2026-03-27 17:45:33 [Day 162] SCAN_FUNNEL candidates=140 valid_signals=0 open=0 pool=$10000 (no actionable signals today)
2026-03-27 17:45:33 [Day 162] DAILY: 0 pos, deployed=$0/10000 (0%), pool=$10000, entries=0 exits=0 rot=0 pnl=$+0.00 | IDLE
2026-03-27 17:45:33 [Day 163] REJECT KEY/RF quality_gate hl=1.4<2.0
2026-03-27 17:45:33 [Day 163] SCAN_FUNNEL candidates=140 valid_signals=0 open=0 pool=$10000 (no actionable signals today)
2026-03-27 17:45:33 [Day 163] DAILY: 0 pos, deployed=$0/10000 (0%), pool=$10000, entries=0 exits=0 rot=0 pnl=$+0.00 | IDLE
2026-03-27 17:45:33 [Day 164] REJECT KEY/RF quality_gate hl=1.4<2.0
2026-03-27 17:45:33 [Day 164] SCAN_FUNNEL candidates=140 valid_signals=0 open=0 pool=$10000 (no actionable signals today)
2026-03-27 17:45:33 [Day 164] DAILY: 0 pos, deployed=$0/10000 (0%), pool=$10000, entries=0 exits=0 rot=0 pnl=$+0.00 | IDLE
2026-03-27 17:45:33 [Day 165] REJECT KEY/RF quality_gate hl=1.4<2.0
2026-03-27 17:45:33 [Day 165] SCAN_FUNNEL candidates=140 valid_signals=0 open=0 pool=$10000 (no actionable signals today)
2026-03-27 17:45:33 [Day 165] DAILY: 0 pos, deployed=$0/10000 (0%), pool=$10000, entries=0 exits=0 rot=0 pnl=$+0.00 | IDLE
2026-03-27 17:45:33 [Day 166] REJECT KEY/RF quality_gate hl=1.4<2.0
2026-03-27 17:45:33 [Day 166] SCAN_FUNNEL candidates=140 valid_signals=0 open=0 pool=$10000 (no actionable signals today)
2026-03-27 17:45:33 [Day 166] DAILY: 0 pos, deployed=$0/10000 (0%), pool=$10000, entries=0 exits=0 rot=0 pnl=$+0.00 | IDLE
2026-03-27 17:45:33 [Day 167] REJECT KEY/RF quality_gate hl=1.5<2.0
2026-03-27 17:45:33 [Day 167] SCAN_FUNNEL candidates=140 valid_signals=0 open=0 pool=$10000 (no actionable signals today)
2026-03-27 17:45:33 [Day 167] DAILY: 0 pos, deployed=$0/10000 (0%), pool=$10000, entries=0 exits=0 rot=0 pnl=$+0.00 | IDLE
2026-03-27 17:45:33 [Day 168] REJECT KEY/RF quality_gate hl=1.5<2.0
2026-03-27 17:45:33 [Day 168] SCAN_FUNNEL candidates=140 valid_signals=0 open=0 pool=$10000 (no actionable signals today)
2026-03-27 17:45:33 [Day 168] DAILY: 0 pos, deployed=$0/10000 (0%), pool=$10000, entries=0 exits=0 rot=0 pnl=$+0.00 | IDLE
2026-03-27 17:45:33 [Day 169] REJECT KEY/RF quality_gate hl=1.5<2.0
2026-03-27 17:45:33 [Day 169] SCAN_FUNNEL candidates=140 valid_signals=0 open=0 pool=$10000 (no actionable signals today)
2026-03-27 17:45:33 [Day 169] DAILY: 0 pos, deployed=$0/10000 (0%), pool=$10000, entries=0 exits=0 rot=0 pnl=$+0.00 | IDLE
2026-03-27 17:45:33 [Day 170] REJECT KEY/RF quality_gate hl=1.5<2.0
2026-03-27 17:45:33 [Day 170] SCAN_FUNNEL candidates=140 valid_signals=0 open=0 pool=$10000 (no actionable signals today)
2026-03-27 17:45:33 [Day 170] DAILY: 0 pos, deployed=$0/10000 (0%), pool=$10000, entries=0 exits=0 rot=0 pnl=$+0.00 | IDLE
2026-03-27 17:45:33 [Day 171] REJECT KEY/RF quality_gate hl=1.5<2.0
2026-03-27 17:45:33 [Day 171] SCAN_FUNNEL candidates=140 valid_signals=0 open=0 pool=$10000 (no actionable signals today)
2026-03-27 17:45:33 [Day 171] DAILY: 0 pos, deployed=$0/10000 (0%), pool=$10000, entries=0 exits=0 rot=0 pnl=$+0.00 | IDLE
2026-03-27 17:45:33 [Day 172] REJECT KEY/RF quality_gate hl=1.6<2.0
2026-03-27 17:45:33 [Day 172] SCAN_FUNNEL candidates=140 valid_signals=0 open=0 pool=$10000 (no actionable signals today)
2026-03-27 17:45:33 [Day 172] DAILY: 0 pos, deployed=$0/10000 (0%), pool=$10000, entries=0 exits=0 rot=0 pnl=$+0.00 | IDLE
2026-03-27 17:45:33 [Day 173] REJECT C/GS quality_gate hl=5.5
2026-03-27 17:45:33 [Day 173] REJECT KEY/RF quality_gate hl=1.6<2.0
2026-03-27 17:45:33 [Day 173] SCAN_FUNNEL candidates=140 valid_signals=0 open=0 pool=$10000 (no actionable signals today)
2026-03-27 17:45:33 [Day 173] DAILY: 0 pos, deployed=$0/10000 (0%), pool=$10000, entries=0 exits=0 rot=0 pnl=$+0.00 | IDLE
2026-03-27 17:45:33 [Day 174] REJECT AXP/MS unstable: scan_pair rejected 9/10 days
2026-03-27 17:45:33 [Day 174] REJECT C/GS quality_gate hl=5.3
2026-03-27 17:45:33 [Day 174] REJECT KEY/RF quality_gate hl=1.7<2.0
2026-03-27 17:45:33 [Day 174] SCAN_FUNNEL candidates=140 valid_signals=0 open=0 pool=$10000 (no actionable signals today)
2026-03-27 17:45:33 [Day 174] DAILY: 0 pos, deployed=$0/10000 (0%), pool=$10000, entries=0 exits=0 rot=0 pnl=$+0.00 | IDLE
2026-03-27 17:45:33 [Day 175] REJECT AXP/MS unstable: scan_pair rejected 8/10 days
2026-03-27 17:45:33 [Day 175] REJECT C/GS quality_gate hl=5.3
2026-03-27 17:45:33 [Day 175] REJECT KEY/RF quality_gate hl=1.7<2.0
2026-03-27 17:45:33 [Day 175] SCAN_FUNNEL candidates=140 valid_signals=0 open=0 pool=$10000 (no actionable signals today)
2026-03-27 17:45:33 [Day 175] DAILY: 0 pos, deployed=$0/10000 (0%), pool=$10000, entries=0 exits=0 rot=0 pnl=$+0.00 | IDLE
2026-03-27 17:45:33 [Day 176] REJECT AXP/MS unstable: scan_pair rejected 7/10 days
2026-03-27 17:45:33 [Day 176] REJECT C/GS unstable: scan_pair rejected 6/10 days
2026-03-27 17:45:33 [Day 176] REJECT KEY/RF quality_gate hl=1.7<2.0
2026-03-27 17:45:33 [Day 176] SCAN_FUNNEL candidates=140 valid_signals=0 open=0 pool=$10000 (no actionable signals today)
2026-03-27 17:45:33 [Day 176] DAILY: 0 pos, deployed=$0/10000 (0%), pool=$10000, entries=0 exits=0 rot=0 pnl=$+0.00 | IDLE
2026-03-27 17:45:33 [Day 177] REJECT AXP/MS unstable: scan_pair rejected 6/10 days
2026-03-27 17:45:33 [Day 177] REJECT C/GS no historical LONG entries to compute win rate
2026-03-27 17:45:33 [Day 177] REJECT KEY/RF quality_gate hl=1.7<2.0
2026-03-27 17:45:33 [Day 177] REJECT C/MS quality_gate hl=6.8
2026-03-27 17:45:33 [Day 177] SCAN_FUNNEL candidates=140 valid_signals=0 open=0 pool=$10000 (no actionable signals today)
2026-03-27 17:45:33 [Day 177] DAILY: 0 pos, deployed=$0/10000 (0%), pool=$10000, entries=0 exits=0 rot=0 pnl=$+0.00 | IDLE
2026-03-27 17:45:33 [Day 178] REJECT AXP/MS no historical LONG entries to compute win rate
2026-03-27 17:45:33 [Day 178] REJECT C/GS no historical LONG entries to compute win rate
2026-03-27 17:45:33 [Day 178] REJECT KEY/RF quality_gate hl=1.7<2.0
2026-03-27 17:45:33 [Day 178] REJECT C/MS quality_gate hl=6.6
2026-03-27 17:45:33 [Day 178] SCAN_FUNNEL candidates=140 valid_signals=0 open=0 pool=$10000 (no actionable signals today)
2026-03-27 17:45:33 [Day 178] DAILY: 0 pos, deployed=$0/10000 (0%), pool=$10000, entries=0 exits=0 rot=0 pnl=$+0.00 | IDLE
2026-03-27 17:45:33 [Day 179] REJECT AXP/MS no historical LONG entries to compute win rate
2026-03-27 17:45:33 [Day 179] REJECT C/GS no historical LONG entries to compute win rate
2026-03-27 17:45:33 [Day 179] REJECT KEY/RF quality_gate hl=1.7<2.0
2026-03-27 17:45:33 [Day 179] SCAN_FUNNEL candidates=140 valid_signals=0 open=0 pool=$10000 (no actionable signals today)
2026-03-27 17:45:33 [Day 179] DAILY: 0 pos, deployed=$0/10000 (0%), pool=$10000, entries=0 exits=0 rot=0 pnl=$+0.00 | IDLE
2026-03-27 17:45:33 [Day 180] REJECT AXP/MS no historical LONG entries to compute win rate
2026-03-27 17:45:33 [Day 180] REJECT C/GS no historical LONG entries to compute win rate
2026-03-27 17:45:33 [Day 180] REJECT KEY/RF quality_gate hl=1.7<2.0
2026-03-27 17:45:33 [Day 180] SCAN_FUNNEL candidates=140 valid_signals=0 open=0 pool=$10000 (no actionable signals today)
2026-03-27 17:45:33 [Day 180] DAILY: 0 pos, deployed=$0/10000 (0%), pool=$10000, entries=0 exits=0 rot=0 pnl=$+0.00 | IDLE
2026-03-27 17:45:33 [Day 181] REJECT AXP/MS no historical LONG entries to compute win rate
2026-03-27 17:45:33 [Day 181] REJECT C/GS no historical LONG entries to compute win rate
2026-03-27 17:45:33 [Day 181] REJECT KEY/RF quality_gate hl=1.7<2.0
2026-03-27 17:45:33 [Day 181] SCAN_FUNNEL candidates=140 valid_signals=0 open=0 pool=$10000 (no actionable signals today)
2026-03-27 17:45:33 [Day 181] DAILY: 0 pos, deployed=$0/10000 (0%), pool=$10000, entries=0 exits=0 rot=0 pnl=$+0.00 | IDLE
2026-03-27 17:45:33 [Day 182] REJECT C/GS no historical SHORT entries to compute win rate
2026-03-27 17:45:33 [Day 182] REJECT KEY/RF quality_gate hl=1.6<2.0
2026-03-27 17:45:33 [Day 182] SCAN_FUNNEL candidates=140 valid_signals=0 open=0 pool=$10000 (no actionable signals today)
2026-03-27 17:45:33 [Day 182] DAILY: 0 pos, deployed=$0/10000 (0%), pool=$10000, entries=0 exits=0 rot=0 pnl=$+0.00 | IDLE
2026-03-27 17:45:33 [Day 183] REJECT AXP/MS no historical LONG entries to compute win rate
2026-03-27 17:45:33 [Day 183] REJECT C/GS no historical SHORT entries to compute win rate
2026-03-27 17:45:33 [Day 183] REJECT KEY/RF quality_gate hl=1.6<2.0
2026-03-27 17:45:33 [Day 183] SCAN_FUNNEL candidates=140 valid_signals=0 open=0 pool=$10000 (no actionable signals today)
2026-03-27 17:45:33 [Day 183] DAILY: 0 pos, deployed=$0/10000 (0%), pool=$10000, entries=0 exits=0 rot=0 pnl=$+0.00 | IDLE
2026-03-27 17:45:33 [Day 184] REJECT AXP/MS no historical LONG entries to compute win rate
2026-03-27 17:45:34 [Day 184] REJECT C/GS no historical SHORT entries to compute win rate
2026-03-27 17:45:34 [Day 184] REJECT KEY/RF quality_gate hl=1.6<2.0
2026-03-27 17:45:34 [Day 184] SCAN_FUNNEL candidates=140 valid_signals=0 open=0 pool=$10000 (no actionable signals today)
2026-03-27 17:45:34 [Day 184] DAILY: 0 pos, deployed=$0/10000 (0%), pool=$10000, entries=0 exits=0 rot=0 pnl=$+0.00 | IDLE
2026-03-27 17:45:34 [Day 185] REJECT KEY/RF quality_gate hl=1.6<2.0
2026-03-27 17:45:34 [Day 185] SCAN_FUNNEL candidates=140 valid_signals=0 open=0 pool=$10000 (no actionable signals today)
2026-03-27 17:45:34 [Day 185] DAILY: 0 pos, deployed=$0/10000 (0%), pool=$10000, entries=0 exits=0 rot=0 pnl=$+0.00 | IDLE
2026-03-27 17:45:34 [Day 186] REJECT KEY/RF quality_gate hl=1.6<2.0
2026-03-27 17:45:34 [Day 186] SCAN_FUNNEL candidates=140 valid_signals=0 open=0 pool=$10000 (no actionable signals today)
2026-03-27 17:45:34 [Day 186] DAILY: 0 pos, deployed=$0/10000 (0%), pool=$10000, entries=0 exits=0 rot=0 pnl=$+0.00 | IDLE
2026-03-27 17:45:34 [Day 187] REJECT KEY/RF quality_gate hl=1.6<2.0
2026-03-27 17:45:34 [Day 187] SCAN_FUNNEL candidates=140 valid_signals=0 open=0 pool=$10000 (no actionable signals today)
2026-03-27 17:45:34 [Day 187] DAILY: 0 pos, deployed=$0/10000 (0%), pool=$10000, entries=0 exits=0 rot=0 pnl=$+0.00 | IDLE
2026-03-27 17:45:34 [Day 188] REJECT KEY/RF quality_gate hl=1.6<2.0
2026-03-27 17:45:34 [Day 188] SCAN_FUNNEL candidates=140 valid_signals=0 open=0 pool=$10000 (no actionable signals today)
2026-03-27 17:45:34 [Day 188] DAILY: 0 pos, deployed=$0/10000 (0%), pool=$10000, entries=0 exits=0 rot=0 pnl=$+0.00 | IDLE
2026-03-27 17:45:34 [Day 189] REJECT KEY/RF quality_gate hl=1.6<2.0
2026-03-27 17:45:34 [Day 189] SCAN_FUNNEL candidates=140 valid_signals=0 open=0 pool=$10000 (no actionable signals today)
2026-03-27 17:45:34 [Day 189] DAILY: 0 pos, deployed=$0/10000 (0%), pool=$10000, entries=0 exits=0 rot=0 pnl=$+0.00 | IDLE
2026-03-27 17:45:34 [Day 190] REJECT KEY/RF quality_gate hl=1.6<2.0
2026-03-27 17:45:34 [Day 190] SCAN_FUNNEL candidates=140 valid_signals=0 open=0 pool=$10000 (no actionable signals today)
2026-03-27 17:45:34 [Day 190] DAILY: 0 pos, deployed=$0/10000 (0%), pool=$10000, entries=0 exits=0 rot=0 pnl=$+0.00 | IDLE
2026-03-27 17:45:34 [Day 191] REJECT KEY/RF quality_gate hl=1.6<2.0
2026-03-27 17:45:34 [Day 191] SCAN_FUNNEL candidates=140 valid_signals=0 open=0 pool=$10000 (no actionable signals today)
2026-03-27 17:45:34 [Day 191] DAILY: 0 pos, deployed=$0/10000 (0%), pool=$10000, entries=0 exits=0 rot=0 pnl=$+0.00 | IDLE
2026-03-27 17:45:34 [Day 192] REJECT KEY/RF quality_gate hl=1.7<2.0
2026-03-27 17:45:34 [Day 192] SCAN_FUNNEL candidates=140 valid_signals=0 open=0 pool=$10000 (no actionable signals today)
2026-03-27 17:45:34 [Day 192] DAILY: 0 pos, deployed=$0/10000 (0%), pool=$10000, entries=0 exits=0 rot=0 pnl=$+0.00 | IDLE
2026-03-27 17:45:34 [Day 193] REJECT KEY/RF quality_gate hl=1.7<2.0
2026-03-27 17:45:34 [Day 193] SCAN_FUNNEL candidates=140 valid_signals=0 open=0 pool=$10000 (no actionable signals today)
2026-03-27 17:45:34 [Day 193] DAILY: 0 pos, deployed=$0/10000 (0%), pool=$10000, entries=0 exits=0 rot=0 pnl=$+0.00 | IDLE
2026-03-27 17:45:34 [Day 194] REJECT KEY/RF quality_gate hl=1.8<2.0
2026-03-27 17:45:34 [Day 194] SCAN_FUNNEL candidates=140 valid_signals=0 open=0 pool=$10000 (no actionable signals today)
2026-03-27 17:45:34 [Day 194] DAILY: 0 pos, deployed=$0/10000 (0%), pool=$10000, entries=0 exits=0 rot=0 pnl=$+0.00 | IDLE
2026-03-27 17:45:34 [Day 195] REJECT KEY/RF quality_gate hl=1.9<2.0
2026-03-27 17:45:34 [Day 195] SCAN_FUNNEL candidates=140 valid_signals=0 open=0 pool=$10000 (no actionable signals today)
2026-03-27 17:45:34 [Day 195] DAILY: 0 pos, deployed=$0/10000 (0%), pool=$10000, entries=0 exits=0 rot=0 pnl=$+0.00 | IDLE
2026-03-27 17:45:34 [Day 196] REJECT KEY/RF quality_gate hl=2.0<2.0
2026-03-27 17:45:34 [Day 196] SCAN_FUNNEL candidates=140 valid_signals=0 open=0 pool=$10000 (no actionable signals today)
2026-03-27 17:45:34 [Day 196] DAILY: 0 pos, deployed=$0/10000 (0%), pool=$10000, entries=0 exits=0 rot=0 pnl=$+0.00 | IDLE
2026-03-27 17:45:34 [Day 197] REJECT KEY/RF SHORT win_rate=14% (3W/19L) < 40%
2026-03-27 17:45:34 [Day 197] SCAN_FUNNEL candidates=140 valid_signals=0 open=0 pool=$10000 (no actionable signals today)
2026-03-27 17:45:34 [Day 197] DAILY: 0 pos, deployed=$0/10000 (0%), pool=$10000, entries=0 exits=0 rot=0 pnl=$+0.00 | IDLE
2026-03-27 17:45:34 [Day 198] REJECT KEY/RF SHORT win_rate=14% (3W/19L) < 40%
2026-03-27 17:45:34 [Day 198] SCAN_FUNNEL candidates=140 valid_signals=0 open=0 pool=$10000 (no actionable signals today)
2026-03-27 17:45:34 [Day 198] DAILY: 0 pos, deployed=$0/10000 (0%), pool=$10000, entries=0 exits=0 rot=0 pnl=$+0.00 | IDLE
2026-03-27 17:45:34 [Day 199] REJECT HBAN/MTB quality_gate hl=5.3
2026-03-27 17:45:34 [Day 199] REJECT KEY/RF SHORT win_rate=14% (3W/19L) < 40%
2026-03-27 17:45:34 [Day 199] SCAN_FUNNEL candidates=140 valid_signals=0 open=0 pool=$10000 (no actionable signals today)
2026-03-27 17:45:34 [Day 199] DAILY: 0 pos, deployed=$0/10000 (0%), pool=$10000, entries=0 exits=0 rot=0 pnl=$+0.00 | IDLE
2026-03-27 17:45:34 [Day 200] REJECT KEY/RF SHORT win_rate=13% (3W/20L) < 40%
2026-03-27 17:45:34 [Day 200] SCAN_FUNNEL candidates=140 valid_signals=0 open=0 pool=$10000 (no actionable signals today)
2026-03-27 17:45:34 [Day 200] DAILY: 0 pos, deployed=$0/10000 (0%), pool=$10000, entries=0 exits=0 rot=0 pnl=$+0.00 | IDLE
2026-03-27 17:45:34 [Day 201] REJECT KEY/RF SHORT win_rate=12% (3W/21L) < 40%
2026-03-27 17:45:34 [Day 201] SCAN_FUNNEL candidates=140 valid_signals=0 open=0 pool=$10000 (no actionable signals today)
2026-03-27 17:45:34 [Day 201] DAILY: 0 pos, deployed=$0/10000 (0%), pool=$10000, entries=0 exits=0 rot=0 pnl=$+0.00 | IDLE
2026-03-27 17:45:34 [Day 202] REJECT HBAN/MTB unstable: scan_pair rejected 8/10 days
2026-03-27 17:45:34 [Day 202] REJECT KEY/RF SHORT win_rate=12% (3W/22L) < 40%
2026-03-27 17:45:34 [Day 202] SCAN_FUNNEL candidates=140 valid_signals=0 open=0 pool=$10000 (no actionable signals today)
2026-03-27 17:45:34 [Day 202] DAILY: 0 pos, deployed=$0/10000 (0%), pool=$10000, entries=0 exits=0 rot=0 pnl=$+0.00 | IDLE
2026-03-27 17:45:34 [Day 203] REJECT HBAN/MTB unstable: scan_pair rejected 7/10 days
2026-03-27 17:45:34 [Day 203] REJECT KEY/RF SHORT win_rate=12% (3W/23L) < 40%
2026-03-27 17:45:34 [Day 203] SCAN_FUNNEL candidates=140 valid_signals=0 open=0 pool=$10000 (no actionable signals today)
2026-03-27 17:45:34 [Day 203] DAILY: 0 pos, deployed=$0/10000 (0%), pool=$10000, entries=0 exits=0 rot=0 pnl=$+0.00 | IDLE
2026-03-27 17:45:34 [Day 204] REJECT KEY/RF quality_gate hl=1.8<2.0
2026-03-27 17:45:34 [Day 204] SCAN_FUNNEL candidates=140 valid_signals=0 open=0 pool=$10000 (no actionable signals today)
2026-03-27 17:45:34 [Day 204] DAILY: 0 pos, deployed=$0/10000 (0%), pool=$10000, entries=0 exits=0 rot=0 pnl=$+0.00 | IDLE
2026-03-27 17:45:34 [Day 205] REJECT BAC/MS unstable: scan_pair rejected 9/10 days
2026-03-27 17:45:34 [Day 205] REJECT KEY/RF quality_gate hl=2.0<2.0
2026-03-27 17:45:34 [Day 205] SCAN_FUNNEL candidates=140 valid_signals=0 open=0 pool=$10000 (no actionable signals today)
2026-03-27 17:45:34 [Day 205] DAILY: 0 pos, deployed=$0/10000 (0%), pool=$10000, entries=0 exits=0 rot=0 pnl=$+0.00 | IDLE
2026-03-27 17:45:34 [Day 206] REJECT BAC/MS unstable: scan_pair rejected 8/10 days
2026-03-27 17:45:34 [Day 206] REJECT KEY/RF quality_gate hl=1.9<2.0
2026-03-27 17:45:34 [Day 206] SCAN_FUNNEL candidates=140 valid_signals=0 open=0 pool=$10000 (no actionable signals today)
2026-03-27 17:45:34 [Day 206] DAILY: 0 pos, deployed=$0/10000 (0%), pool=$10000, entries=0 exits=0 rot=0 pnl=$+0.00 | IDLE
2026-03-27 17:45:34 [Day 207] REJECT BAC/MS unstable: scan_pair rejected 7/10 days
2026-03-27 17:45:34 [Day 207] REJECT KEY/RF quality_gate hl=1.9<2.0
2026-03-27 17:45:34 [Day 207] SCAN_FUNNEL candidates=140 valid_signals=0 open=0 pool=$10000 (no actionable signals today)
2026-03-27 17:45:34 [Day 207] DAILY: 0 pos, deployed=$0/10000 (0%), pool=$10000, entries=0 exits=0 rot=0 pnl=$+0.00 | IDLE
2026-03-27 17:45:34 [Day 208] REJECT BAC/MS unstable: scan_pair rejected 6/10 days
2026-03-27 17:45:34 [Day 208] REJECT KEY/RF z_cap z=-2.600 cap=2.5 (z too extreme — possible structural break, not reversion)
2026-03-27 17:45:34 [Day 208] SCAN_FUNNEL candidates=140 valid_signals=0 open=0 pool=$10000 (no actionable signals today)
2026-03-27 17:45:34 [Day 208] DAILY: 0 pos, deployed=$0/10000 (0%), pool=$10000, entries=0 exits=0 rot=0 pnl=$+0.00 | IDLE
2026-03-27 17:45:34 [Day 209] REJECT BAC/MS no historical SHORT entries to compute win rate
2026-03-27 17:45:34 [Day 209] REJECT KEY/RF z_cap z=-2.528 cap=2.5 (z too extreme — possible structural break, not reversion)
2026-03-27 17:45:34 [Day 209] SCAN_FUNNEL candidates=140 valid_signals=0 open=0 pool=$10000 (no actionable signals today)
2026-03-27 17:45:34 [Day 209] DAILY: 0 pos, deployed=$0/10000 (0%), pool=$10000, entries=0 exits=0 rot=0 pnl=$+0.00 | IDLE
2026-03-27 17:45:34 [Day 210] REJECT BAC/MS no historical SHORT entries to compute win rate
2026-03-27 17:45:34 [Day 210] REJECT KEY/RF z_cap z=-2.587 cap=2.5 (z too extreme — possible structural break, not reversion)
2026-03-27 17:45:34 [Day 210] SCAN_FUNNEL candidates=140 valid_signals=0 open=0 pool=$10000 (no actionable signals today)
2026-03-27 17:45:34 [Day 210] DAILY: 0 pos, deployed=$0/10000 (0%), pool=$10000, entries=0 exits=0 rot=0 pnl=$+0.00 | IDLE
2026-03-27 17:45:34 [Day 211] REJECT BAC/MS no historical SHORT entries to compute win rate
2026-03-27 17:45:35 [Day 211] SCAN_FUNNEL candidates=140 valid_signals=1 open=0 pool=$10000 top=KEY/RF z=-2.374 prio=89.5033
2026-03-27 17:45:35 [Day 211] ENTER        KEY/RF [KEY/RF:211] L z=-2.37 prio=89.5033 erpdd=0.003222 max_hold=7d $1000/leg | alloc $2000 | pool=$8000
2026-03-27 17:45:35 [Day 211] DAILY: 1 pos, deployed=$2000/10000 (20%), pool=$8000, entries=1 exits=0 rot=0 pnl=$+0.00 | KEY/RF(L 0d $-1)
2026-03-27 17:45:35 [Day 212] HOLD KEY/RF       [KEY/RF:211] L held=1/7d z_now=-1.974 z_entry=-2.374 frozen_z=-1.974 unreal=$+4.60 (+0.23%) prio=89.5 $1000/leg
2026-03-27 17:45:35 [Day 212] SCAN_FUNNEL candidates=140 valid_signals=0 open=1 pool=$8000 (no actionable signals today)
2026-03-27 17:45:35 [Day 212] DAILY: 1 pos, deployed=$2000/10000 (20%), pool=$8000, entries=0 exits=0 rot=0 pnl=$+0.00 | KEY/RF(L 1d $+5)
2026-03-27 17:45:35 [Day 213] HOLD KEY/RF       [KEY/RF:211] L held=2/7d z_now=-1.923 z_entry=-2.374 frozen_z=-1.923 unreal=$+5.21 (+0.26%) prio=89.5 $1000/leg
2026-03-27 17:45:35 [Day 213] SCAN_FUNNEL candidates=140 valid_signals=0 open=1 pool=$8000 (no actionable signals today)
2026-03-27 17:45:35 [Day 213] DAILY: 1 pos, deployed=$2000/10000 (20%), pool=$8000, entries=0 exits=0 rot=0 pnl=$+0.00 | KEY/RF(L 2d $+5)
2026-03-27 17:45:35 [Day 214] HOLD KEY/RF       [KEY/RF:211] L held=3/7d z_now=-1.798 z_entry=-2.374 frozen_z=-1.798 unreal=$+6.79 (+0.34%) prio=89.5 $1000/leg
2026-03-27 17:45:35 [Day 214] SCAN_FUNNEL candidates=140 valid_signals=0 open=1 pool=$8000 (no actionable signals today)
2026-03-27 17:45:35 [Day 214] DAILY: 1 pos, deployed=$2000/10000 (20%), pool=$8000, entries=0 exits=0 rot=0 pnl=$+0.00 | KEY/RF(L 3d $+7)
2026-03-27 17:45:35 [Day 215] HOLD KEY/RF       [KEY/RF:211] L held=4/7d z_now=-1.873 z_entry=-2.374 frozen_z=-1.873 unreal=$+5.86 (+0.29%) prio=89.5 $1000/leg
2026-03-27 17:45:35 [Day 215] REJECT BAC/MS no historical SHORT entries to compute win rate
2026-03-27 17:45:35 [Day 215] SCAN_FUNNEL candidates=140 valid_signals=0 open=1 pool=$8000 (no actionable signals today)
2026-03-27 17:45:35 [Day 215] DAILY: 1 pos, deployed=$2000/10000 (20%), pool=$8000, entries=0 exits=0 rot=0 pnl=$+0.00 | KEY/RF(L 4d $+6)
2026-03-27 17:45:35 [Day 216] HOLD KEY/RF       [KEY/RF:211] L held=5/7d z_now=-1.952 z_entry=-2.374 frozen_z=-1.952 unreal=$+4.77 (+0.24%) prio=89.5 $1000/leg
2026-03-27 17:45:35 [Day 216] SCAN_FUNNEL candidates=140 valid_signals=0 open=1 pool=$8000 (no actionable signals today)
2026-03-27 17:45:35 [Day 216] DAILY: 1 pos, deployed=$2000/10000 (20%), pool=$8000, entries=0 exits=0 rot=0 pnl=$+0.00 | KEY/RF(L 5d $+5)
2026-03-27 17:45:35 [Day 217] HOLD KEY/RF       [KEY/RF:211] L held=6/7d z_now=-2.548 z_entry=-2.374 frozen_z=-2.548 unreal=$-3.39 (-0.17%) prio=89.5 $1000/leg
2026-03-27 17:45:35 [Day 217] SCAN_FUNNEL candidates=140 valid_signals=0 open=1 pool=$8000 (no actionable signals today)
2026-03-27 17:45:35 [Day 217] DAILY: 1 pos, deployed=$2000/10000 (20%), pool=$8000, entries=0 exits=0 rot=0 pnl=$+0.00 | KEY/RF(L 6d $-3)
2026-03-27 17:45:35 [Day 218] HOLD KEY/RF       [KEY/RF:211] L held=7/7d z_now=-2.074 z_entry=-2.374 frozen_z=-2.074 unreal=$+2.97 (+0.15%) prio=89.5 $1000/leg
2026-03-27 17:45:35 [Day 218] EXIT:max_hold KEY/RF [KEY/RF:211] L 7d $  +2.97 (+0.15%) z_now=-2.074 z_entry=-2.374 | freed $2000 | pool=$10000
2026-03-27 17:45:35 [Day 218] REJECT KEY/RF LONG win_rate=29% (4W/10L) < 40%
2026-03-27 17:45:35 [Day 218] SCAN_FUNNEL candidates=140 valid_signals=0 open=0 pool=$10000 (no actionable signals today)
2026-03-27 17:45:35 [Day 218] DAILY: 0 pos, deployed=$0/10000 (0%), pool=$10000, entries=0 exits=1 rot=0 pnl=$+2.97 | IDLE
2026-03-27 17:45:35 [Day 219] REJECT KEY/RF LONG win_rate=27% (4W/11L) < 40%
2026-03-27 17:45:35 [Day 219] SCAN_FUNNEL candidates=140 valid_signals=0 open=0 pool=$10000 (no actionable signals today)
2026-03-27 17:45:35 [Day 219] DAILY: 0 pos, deployed=$0/10000 (0%), pool=$10000, entries=0 exits=0 rot=0 pnl=$+0.00 | IDLE
2026-03-27 17:45:35 [Day 220] REJECT KEY/RF LONG win_rate=25% (4W/12L) < 40%
2026-03-27 17:45:35 [Day 220] SCAN_FUNNEL candidates=140 valid_signals=0 open=0 pool=$10000 (no actionable signals today)
2026-03-27 17:45:35 [Day 220] DAILY: 0 pos, deployed=$0/10000 (0%), pool=$10000, entries=0 exits=0 rot=0 pnl=$+0.00 | IDLE
2026-03-27 17:45:35 [Day 221] REJECT KEY/RF LONG win_rate=24% (4W/13L) < 40%
2026-03-27 17:45:35 [Day 221] SCAN_FUNNEL candidates=140 valid_signals=0 open=0 pool=$10000 (no actionable signals today)
2026-03-27 17:45:35 [Day 221] DAILY: 0 pos, deployed=$0/10000 (0%), pool=$10000, entries=0 exits=0 rot=0 pnl=$+0.00 | IDLE
2026-03-27 17:45:35 [Day 222] REJECT KEY/RF LONG win_rate=22% (4W/14L) < 40%
2026-03-27 17:45:35 [Day 222] SCAN_FUNNEL candidates=140 valid_signals=0 open=0 pool=$10000 (no actionable signals today)
2026-03-27 17:45:35 [Day 222] DAILY: 0 pos, deployed=$0/10000 (0%), pool=$10000, entries=0 exits=0 rot=0 pnl=$+0.00 | IDLE
2026-03-27 17:45:35 [Day 223] REJECT KEY/RF LONG win_rate=21% (4W/15L) < 40%
2026-03-27 17:45:35 [Day 223] SCAN_FUNNEL candidates=140 valid_signals=0 open=0 pool=$10000 (no actionable signals today)
2026-03-27 17:45:35 [Day 223] DAILY: 0 pos, deployed=$0/10000 (0%), pool=$10000, entries=0 exits=0 rot=0 pnl=$+0.00 | IDLE
2026-03-27 17:45:35 [Day 224] SCAN_FUNNEL candidates=140 valid_signals=0 open=0 pool=$10000 (no actionable signals today)
2026-03-27 17:45:35 [Day 224] DAILY: 0 pos, deployed=$0/10000 (0%), pool=$10000, entries=0 exits=0 rot=0 pnl=$+0.00 | IDLE
2026-03-27 17:45:35 [Day 225] REJECT KEY/RF LONG win_rate=19% (4W/17L) < 40%
2026-03-27 17:45:35 [Day 225] SCAN_FUNNEL candidates=140 valid_signals=0 open=0 pool=$10000 (no actionable signals today)
2026-03-27 17:45:35 [Day 225] DAILY: 0 pos, deployed=$0/10000 (0%), pool=$10000, entries=0 exits=0 rot=0 pnl=$+0.00 | IDLE
2026-03-27 17:45:35 [Day 226] SCAN_FUNNEL candidates=140 valid_signals=0 open=0 pool=$10000 (no actionable signals today)
2026-03-27 17:45:35 [Day 226] DAILY: 0 pos, deployed=$0/10000 (0%), pool=$10000, entries=0 exits=0 rot=0 pnl=$+0.00 | IDLE
2026-03-27 17:45:35 [Day 227] SCAN_FUNNEL candidates=140 valid_signals=0 open=0 pool=$10000 (no actionable signals today)
2026-03-27 17:45:35 [Day 227] DAILY: 0 pos, deployed=$0/10000 (0%), pool=$10000, entries=0 exits=0 rot=0 pnl=$+0.00 | IDLE
2026-03-27 17:45:35 [Day 228] SCAN_FUNNEL candidates=140 valid_signals=0 open=0 pool=$10000 (no actionable signals today)
2026-03-27 17:45:35 [Day 228] DAILY: 0 pos, deployed=$0/10000 (0%), pool=$10000, entries=0 exits=0 rot=0 pnl=$+0.00 | IDLE
2026-03-27 17:45:35 [Day 229] SCAN_FUNNEL candidates=140 valid_signals=0 open=0 pool=$10000 (no actionable signals today)
2026-03-27 17:45:35 [Day 229] DAILY: 0 pos, deployed=$0/10000 (0%), pool=$10000, entries=0 exits=0 rot=0 pnl=$+0.00 | IDLE
2026-03-27 17:45:35 [Day 230] SCAN_FUNNEL candidates=140 valid_signals=0 open=0 pool=$10000 (no actionable signals today)
2026-03-27 17:45:35 [Day 230] DAILY: 0 pos, deployed=$0/10000 (0%), pool=$10000, entries=0 exits=0 rot=0 pnl=$+0.00 | IDLE
2026-03-27 17:45:35 [Day 231] SCAN_FUNNEL candidates=140 valid_signals=0 open=0 pool=$10000 (no actionable signals today)
2026-03-27 17:45:35 [Day 231] DAILY: 0 pos, deployed=$0/10000 (0%), pool=$10000, entries=0 exits=0 rot=0 pnl=$+0.00 | IDLE
2026-03-27 17:45:35 [Day 232] SCAN_FUNNEL candidates=140 valid_signals=0 open=0 pool=$10000 (no actionable signals today)
2026-03-27 17:45:35 [Day 232] DAILY: 0 pos, deployed=$0/10000 (0%), pool=$10000, entries=0 exits=0 rot=0 pnl=$+0.00 | IDLE
2026-03-27 17:45:35 [Day 233] SCAN_FUNNEL candidates=140 valid_signals=0 open=0 pool=$10000 (no actionable signals today)
2026-03-27 17:45:35 [Day 233] DAILY: 0 pos, deployed=$0/10000 (0%), pool=$10000, entries=0 exits=0 rot=0 pnl=$+0.00 | IDLE
2026-03-27 17:45:35 [Day 234] SCAN_FUNNEL candidates=140 valid_signals=0 open=0 pool=$10000 (no actionable signals today)
2026-03-27 17:45:35 [Day 234] DAILY: 0 pos, deployed=$0/10000 (0%), pool=$10000, entries=0 exits=0 rot=0 pnl=$+0.00 | IDLE
2026-03-27 17:45:35 [Day 235] SCAN_FUNNEL candidates=140 valid_signals=0 open=0 pool=$10000 (no actionable signals today)
2026-03-27 17:45:35 [Day 235] DAILY: 0 pos, deployed=$0/10000 (0%), pool=$10000, entries=0 exits=0 rot=0 pnl=$+0.00 | IDLE
2026-03-27 17:45:35 [Day 236] REJECT CPT/EQR quality_gate hl=5.2
2026-03-27 17:45:35 [Day 236] SCAN_FUNNEL candidates=140 valid_signals=0 open=0 pool=$10000 (no actionable signals today)
2026-03-27 17:45:35 [Day 236] DAILY: 0 pos, deployed=$0/10000 (0%), pool=$10000, entries=0 exits=0 rot=0 pnl=$+0.00 | IDLE
2026-03-27 17:45:35 [Day 237] REJECT CPT/EQR quality_gate hl=5.2
2026-03-27 17:45:35 [Day 237] SCAN_FUNNEL candidates=140 valid_signals=0 open=0 pool=$10000 (no actionable signals today)
2026-03-27 17:45:35 [Day 237] DAILY: 0 pos, deployed=$0/10000 (0%), pool=$10000, entries=0 exits=0 rot=0 pnl=$+0.00 | IDLE
2026-03-27 17:45:35 [Day 238] REJECT CPT/EQR unstable: scan_pair rejected 7/10 days
2026-03-27 17:45:35 [Day 238] SCAN_FUNNEL candidates=140 valid_signals=0 open=0 pool=$10000 (no actionable signals today)
2026-03-27 17:45:35 [Day 238] DAILY: 0 pos, deployed=$0/10000 (0%), pool=$10000, entries=0 exits=0 rot=0 pnl=$+0.00 | IDLE
2026-03-27 17:45:35 [Day 239] REJECT CPT/EQR unstable: scan_pair rejected 6/10 days
2026-03-27 17:45:35 [Day 239] SCAN_FUNNEL candidates=140 valid_signals=0 open=0 pool=$10000 (no actionable signals today)
2026-03-27 17:45:35 [Day 239] DAILY: 0 pos, deployed=$0/10000 (0%), pool=$10000, entries=0 exits=0 rot=0 pnl=$+0.00 | IDLE
2026-03-27 17:45:35 [Day 240] REJECT CPT/EQR no historical LONG entries to compute win rate
2026-03-27 17:45:35 [Day 240] SCAN_FUNNEL candidates=140 valid_signals=0 open=0 pool=$10000 (no actionable signals today)
2026-03-27 17:45:35 [Day 240] DAILY: 0 pos, deployed=$0/10000 (0%), pool=$10000, entries=0 exits=0 rot=0 pnl=$+0.00 | IDLE
2026-03-27 17:45:35 [Day 241] REJECT CPT/EQR no historical LONG entries to compute win rate
2026-03-27 17:45:35 [Day 241] SCAN_FUNNEL candidates=140 valid_signals=0 open=0 pool=$10000 (no actionable signals today)
2026-03-27 17:45:35 [Day 241] DAILY: 0 pos, deployed=$0/10000 (0%), pool=$10000, entries=0 exits=0 rot=0 pnl=$+0.00 | IDLE
2026-03-27 17:45:36 [Day 242] REJECT CPT/EQR no historical LONG entries to compute win rate
2026-03-27 17:45:36 [Day 242] SCAN_FUNNEL candidates=140 valid_signals=0 open=0 pool=$10000 (no actionable signals today)
2026-03-27 17:45:36 [Day 242] DAILY: 0 pos, deployed=$0/10000 (0%), pool=$10000, entries=0 exits=0 rot=0 pnl=$+0.00 | IDLE
2026-03-27 17:45:36 [Day 243] SCAN_FUNNEL candidates=140 valid_signals=0 open=0 pool=$10000 (no actionable signals today)
2026-03-27 17:45:36 [Day 243] DAILY: 0 pos, deployed=$0/10000 (0%), pool=$10000, entries=0 exits=0 rot=0 pnl=$+0.00 | IDLE
2026-03-27 17:45:36 [Day 244] SCAN_FUNNEL candidates=140 valid_signals=0 open=0 pool=$10000 (no actionable signals today)
2026-03-27 17:45:36 [Day 244] DAILY: 0 pos, deployed=$0/10000 (0%), pool=$10000, entries=0 exits=0 rot=0 pnl=$+0.00 | IDLE
2026-03-27 17:45:36 [Day 245] SCAN_FUNNEL candidates=140 valid_signals=0 open=0 pool=$10000 (no actionable signals today)
2026-03-27 17:45:36 [Day 245] DAILY: 0 pos, deployed=$0/10000 (0%), pool=$10000, entries=0 exits=0 rot=0 pnl=$+0.00 | IDLE
2026-03-27 17:45:36 [Day 246] SCAN_FUNNEL candidates=140 valid_signals=0 open=0 pool=$10000 (no actionable signals today)
2026-03-27 17:45:36 [Day 246] DAILY: 0 pos, deployed=$0/10000 (0%), pool=$10000, entries=0 exits=0 rot=0 pnl=$+0.00 | IDLE
2026-03-27 17:45:36 [Day 247] SCAN_FUNNEL candidates=140 valid_signals=0 open=0 pool=$10000 (no actionable signals today)
2026-03-27 17:45:36 [Day 247] DAILY: 0 pos, deployed=$0/10000 (0%), pool=$10000, entries=0 exits=0 rot=0 pnl=$+0.00 | IDLE
2026-03-27 17:45:36 [Day 248] REJECT MLM/VMC quality_gate hl=5.8
2026-03-27 17:45:36 [Day 248] REJECT HBAN/MTB unstable: scan_pair rejected 9/10 days
2026-03-27 17:45:36 [Day 248] SCAN_FUNNEL candidates=140 valid_signals=0 open=0 pool=$10000 (no actionable signals today)
2026-03-27 17:45:36 [Day 248] DAILY: 0 pos, deployed=$0/10000 (0%), pool=$10000, entries=0 exits=0 rot=0 pnl=$+0.00 | IDLE
2026-03-27 17:45:36 [Day 249] REJECT MLM/VMC quality_gate hl=5.6
2026-03-27 17:45:36 [Day 249] REJECT HBAN/MTB unstable: scan_pair rejected 8/10 days
2026-03-27 17:45:36 [Day 249] SCAN_FUNNEL candidates=140 valid_signals=0 open=0 pool=$10000 (no actionable signals today)
2026-03-27 17:45:36 [Day 249] DAILY: 0 pos, deployed=$0/10000 (0%), pool=$10000, entries=0 exits=0 rot=0 pnl=$+0.00 | IDLE
2026-03-27 17:45:36 [Day 250] REJECT HBAN/MTB unstable: scan_pair rejected 7/10 days
2026-03-27 17:45:36 [Day 250] SCAN_FUNNEL candidates=140 valid_signals=0 open=0 pool=$10000 (no actionable signals today)
2026-03-27 17:45:36 [Day 250] DAILY: 0 pos, deployed=$0/10000 (0%), pool=$10000, entries=0 exits=0 rot=0 pnl=$+0.00 | IDLE
2026-03-27 17:45:36 [Day 251] REJECT MLM/VMC quality_gate hl=5.4
2026-03-27 17:45:36 [Day 251] REJECT HBAN/MTB unstable: scan_pair rejected 6/10 days
2026-03-27 17:45:36 [Day 251] SCAN_FUNNEL candidates=140 valid_signals=0 open=0 pool=$10000 (no actionable signals today)
2026-03-27 17:45:36 [Day 251] DAILY: 0 pos, deployed=$0/10000 (0%), pool=$10000, entries=0 exits=0 rot=0 pnl=$+0.00 | IDLE
2026-03-27 17:45:36 [Day 252] REJECT MLM/VMC unstable: scan_pair rejected 6/10 days
2026-03-27 17:45:36 [Day 252] REJECT HBAN/MTB no historical LONG entries to compute win rate
2026-03-27 17:45:36 [Day 252] SCAN_FUNNEL candidates=140 valid_signals=0 open=0 pool=$10000 (no actionable signals today)
2026-03-27 17:45:36 [Day 252] DAILY: 0 pos, deployed=$0/10000 (0%), pool=$10000, entries=0 exits=0 rot=0 pnl=$+0.00 | IDLE
2026-03-27 17:45:36 [Day 253] REJECT MLM/VMC quality_gate hl=5.0
2026-03-27 17:45:36 [Day 253] REJECT HBAN/MTB no historical LONG entries to compute win rate
2026-03-27 17:45:36 [Day 253] SCAN_FUNNEL candidates=140 valid_signals=0 open=0 pool=$10000 (no actionable signals today)
2026-03-27 17:45:36 [Day 253] DAILY: 0 pos, deployed=$0/10000 (0%), pool=$10000, entries=0 exits=0 rot=0 pnl=$+0.00 | IDLE
2026-03-27 17:45:36 [Day 254] REJECT MLM/VMC quality_gate hl=5.2
2026-03-27 17:45:36 [Day 254] REJECT HBAN/MTB no historical SHORT entries to compute win rate
2026-03-27 17:45:36 [Day 254] SCAN_FUNNEL candidates=140 valid_signals=0 open=0 pool=$10000 (no actionable signals today)
2026-03-27 17:45:36 [Day 254] DAILY: 0 pos, deployed=$0/10000 (0%), pool=$10000, entries=0 exits=0 rot=0 pnl=$+0.00 | IDLE
2026-03-27 17:45:36 [Day 255] REJECT MLM/VMC quality_gate hl=5.0
2026-03-27 17:45:36 [Day 255] REJECT HBAN/MTB no historical SHORT entries to compute win rate
2026-03-27 17:45:36 [Day 255] SCAN_FUNNEL candidates=140 valid_signals=0 open=0 pool=$10000 (no actionable signals today)
2026-03-27 17:45:36 [Day 255] DAILY: 0 pos, deployed=$0/10000 (0%), pool=$10000, entries=0 exits=0 rot=0 pnl=$+0.00 | IDLE
2026-03-27 17:45:36 [Day 256] REJECT MLM/VMC quality_gate hl=5.0
2026-03-27 17:45:36 [Day 256] REJECT HBAN/MTB no historical SHORT entries to compute win rate
2026-03-27 17:45:36 [Day 256] SCAN_FUNNEL candidates=140 valid_signals=0 open=0 pool=$10000 (no actionable signals today)
2026-03-27 17:45:36 [Day 256] DAILY: 0 pos, deployed=$0/10000 (0%), pool=$10000, entries=0 exits=0 rot=0 pnl=$+0.00 | IDLE
2026-03-27 17:45:36 [Day 257] REJECT MLM/VMC no historical LONG entries to compute win rate
2026-03-27 17:45:36 [Day 257] REJECT HBAN/MTB no historical SHORT entries to compute win rate
2026-03-27 17:45:36 [Day 257] SCAN_FUNNEL candidates=140 valid_signals=0 open=0 pool=$10000 (no actionable signals today)
2026-03-27 17:45:36 [Day 257] DAILY: 0 pos, deployed=$0/10000 (0%), pool=$10000, entries=0 exits=0 rot=0 pnl=$+0.00 | IDLE
2026-03-27 17:45:36 [Day 258] REJECT MLM/VMC no historical LONG entries to compute win rate
2026-03-27 17:45:36 [Day 258] REJECT HBAN/MTB no historical SHORT entries to compute win rate
2026-03-27 17:45:36 [Day 258] SCAN_FUNNEL candidates=140 valid_signals=0 open=0 pool=$10000 (no actionable signals today)
2026-03-27 17:45:36 [Day 258] DAILY: 0 pos, deployed=$0/10000 (0%), pool=$10000, entries=0 exits=0 rot=0 pnl=$+0.00 | IDLE
2026-03-27 17:45:36 [Day 259] REJECT MLM/VMC no historical LONG entries to compute win rate
2026-03-27 17:45:36 [Day 259] REJECT HBAN/MTB no historical SHORT entries to compute win rate
2026-03-27 17:45:36 [Day 259] SCAN_FUNNEL candidates=140 valid_signals=0 open=0 pool=$10000 (no actionable signals today)
2026-03-27 17:45:36 [Day 259] DAILY: 0 pos, deployed=$0/10000 (0%), pool=$10000, entries=0 exits=0 rot=0 pnl=$+0.00 | IDLE
2026-03-27 17:45:36 [Day 260] REJECT HBAN/MTB no historical SHORT entries to compute win rate
2026-03-27 17:45:36 [Day 260] SCAN_FUNNEL candidates=140 valid_signals=0 open=0 pool=$10000 (no actionable signals today)
2026-03-27 17:45:36 [Day 260] DAILY: 0 pos, deployed=$0/10000 (0%), pool=$10000, entries=0 exits=0 rot=0 pnl=$+0.00 | IDLE
2026-03-27 17:45:36 [Day 261] REJECT HBAN/MTB no historical SHORT entries to compute win rate
2026-03-27 17:45:36 [Day 261] SCAN_FUNNEL candidates=140 valid_signals=0 open=0 pool=$10000 (no actionable signals today)
2026-03-27 17:45:36 [Day 261] DAILY: 0 pos, deployed=$0/10000 (0%), pool=$10000, entries=0 exits=0 rot=0 pnl=$+0.00 | IDLE
2026-03-27 17:45:36 [Day 262] REJECT HBAN/MTB no historical SHORT entries to compute win rate
2026-03-27 17:45:36 [Day 262] SCAN_FUNNEL candidates=140 valid_signals=0 open=0 pool=$10000 (no actionable signals today)
2026-03-27 17:45:36 [Day 262] DAILY: 0 pos, deployed=$0/10000 (0%), pool=$10000, entries=0 exits=0 rot=0 pnl=$+0.00 | IDLE
2026-03-27 17:45:36 [Day 263] REJECT MLM/VMC quality_gate hl=5.0
2026-03-27 17:45:36 [Day 263] REJECT HBAN/MTB no historical SHORT entries to compute win rate
2026-03-27 17:45:37 [Day 263] SCAN_FUNNEL candidates=140 valid_signals=0 open=0 pool=$10000 (no actionable signals today)
2026-03-27 17:45:37 [Day 263] DAILY: 0 pos, deployed=$0/10000 (0%), pool=$10000, entries=0 exits=0 rot=0 pnl=$+0.00 | IDLE
2026-03-27 17:45:37 [Day 264] REJECT HBAN/MTB no historical SHORT entries to compute win rate
2026-03-27 17:45:37 [Day 264] SCAN_FUNNEL candidates=140 valid_signals=0 open=0 pool=$10000 (no actionable signals today)
2026-03-27 17:45:37 [Day 264] DAILY: 0 pos, deployed=$0/10000 (0%), pool=$10000, entries=0 exits=0 rot=0 pnl=$+0.00 | IDLE
2026-03-27 17:45:37 [Day 265] REJECT HBAN/MTB no historical SHORT entries to compute win rate
2026-03-27 17:45:37 [Day 265] SCAN_FUNNEL candidates=140 valid_signals=0 open=0 pool=$10000 (no actionable signals today)
2026-03-27 17:45:37 [Day 265] DAILY: 0 pos, deployed=$0/10000 (0%), pool=$10000, entries=0 exits=0 rot=0 pnl=$+0.00 | IDLE
2026-03-27 17:45:37 [Day 266] REJECT HBAN/MTB no historical SHORT entries to compute win rate
2026-03-27 17:45:37 [Day 266] SCAN_FUNNEL candidates=140 valid_signals=0 open=0 pool=$10000 (no actionable signals today)
2026-03-27 17:45:37 [Day 266] DAILY: 0 pos, deployed=$0/10000 (0%), pool=$10000, entries=0 exits=0 rot=0 pnl=$+0.00 | IDLE
2026-03-27 17:45:37 [Day 267] REJECT CPT/EQR unstable: scan_pair rejected 9/10 days
2026-03-27 17:45:37 [Day 267] REJECT HBAN/MTB no historical SHORT entries to compute win rate
2026-03-27 17:45:37 [Day 267] SCAN_FUNNEL candidates=140 valid_signals=0 open=0 pool=$10000 (no actionable signals today)
2026-03-27 17:45:37 [Day 267] DAILY: 0 pos, deployed=$0/10000 (0%), pool=$10000, entries=0 exits=0 rot=0 pnl=$+0.00 | IDLE
2026-03-27 17:45:37 [Day 268] SCAN_FUNNEL candidates=140 valid_signals=0 open=0 pool=$10000 (no actionable signals today)
2026-03-27 17:45:37 [Day 268] DAILY: 0 pos, deployed=$0/10000 (0%), pool=$10000, entries=0 exits=0 rot=0 pnl=$+0.00 | IDLE
2026-03-27 17:45:37 [Day 269] REJECT CPT/EQR unstable: scan_pair rejected 8/10 days
2026-03-27 17:45:37 [Day 269] SCAN_FUNNEL candidates=140 valid_signals=0 open=0 pool=$10000 (no actionable signals today)
2026-03-27 17:45:37 [Day 269] DAILY: 0 pos, deployed=$0/10000 (0%), pool=$10000, entries=0 exits=0 rot=0 pnl=$+0.00 | IDLE
2026-03-27 17:45:37 [Day 270] REJECT CPT/EQR unstable: scan_pair rejected 7/10 days
2026-03-27 17:45:37 [Day 270] SCAN_FUNNEL candidates=140 valid_signals=1 open=0 pool=$10000 top=HBAN/MTB z=+1.424 prio=38.0236
2026-03-27 17:45:37 [Day 270] ENTER        HBAN/MTB [HBAN/MTB:270] S z=+1.42 prio=38.0236 erpdd=0.001341 max_hold=10d $1000/leg | alloc $2000 | pool=$8000
2026-03-27 17:45:37 [Day 270] DAILY: 1 pos, deployed=$2000/10000 (20%), pool=$8000, entries=1 exits=0 rot=0 pnl=$+0.00 | HBAN/MTB(S 0d $-1)
2026-03-27 17:45:37 [Day 271] HOLD HBAN/MTB     [HBAN/MTB:270] S held=1/10d z_now=+0.950 z_entry=+1.424 frozen_z=+0.950 unreal=$+6.17 (+0.31%) prio=38.0 $1000/leg
2026-03-27 17:45:37 [Day 271] SCAN_FUNNEL candidates=140 valid_signals=0 open=1 pool=$8000 (no actionable signals today)
2026-03-27 17:45:37 [Day 271] DAILY: 1 pos, deployed=$2000/10000 (20%), pool=$8000, entries=0 exits=0 rot=0 pnl=$+0.00 | HBAN/MTB(S 1d $+6)
2026-03-27 17:45:37 [Day 272] HOLD HBAN/MTB     [HBAN/MTB:270] S held=2/10d z_now=+1.359 z_entry=+1.424 frozen_z=+1.359 unreal=$-0.02 (-0.00%) prio=38.0 $1000/leg
2026-03-27 17:45:37 [Day 272] REJECT CPT/EQR unstable: scan_pair rejected 6/10 days
2026-03-27 17:45:37 [Day 272] SCAN_FUNNEL candidates=140 valid_signals=0 open=1 pool=$8000 (no actionable signals today)
2026-03-27 17:45:37 [Day 272] DAILY: 1 pos, deployed=$2000/10000 (20%), pool=$8000, entries=0 exits=0 rot=0 pnl=$+0.00 | HBAN/MTB(S 2d $-0)
2026-03-27 17:45:37 [Day 273] HOLD HBAN/MTB     [HBAN/MTB:270] S held=3/10d z_now=+0.431 z_entry=+1.424 frozen_z=+0.431 unreal=$+14.24 (+0.71%) prio=38.0 $1000/leg
2026-03-27 17:45:37 [Day 273] REJECT CPT/EQR LONG win_rate=0% (0W/2L) < 40%
2026-03-27 17:45:37 [Day 273] SCAN_FUNNEL candidates=140 valid_signals=0 open=1 pool=$8000 (no actionable signals today)
2026-03-27 17:45:37 [Day 273] DAILY: 1 pos, deployed=$2000/10000 (20%), pool=$8000, entries=0 exits=0 rot=0 pnl=$+0.00 | HBAN/MTB(S 3d $+14)
2026-03-27 17:45:37 [Day 274] HOLD HBAN/MTB     [HBAN/MTB:270] S held=4/10d z_now=-0.361 z_entry=+1.424 frozen_z=-0.361 unreal=$+25.91 (+1.30%) prio=38.0 $1000/leg
2026-03-27 17:45:37 [Day 274] REJECT CPT/EQR LONG win_rate=0% (0W/2L) < 40%
2026-03-27 17:45:37 [Day 274] SCAN_FUNNEL candidates=140 valid_signals=0 open=1 pool=$8000 (no actionable signals today)
2026-03-27 17:45:37 [Day 274] DAILY: 1 pos, deployed=$2000/10000 (20%), pool=$8000, entries=0 exits=0 rot=0 pnl=$+0.00 | HBAN/MTB(S 4d $+26)
2026-03-27 17:45:37 [Day 275] HOLD HBAN/MTB     [HBAN/MTB:270] S held=5/10d z_now=-0.126 z_entry=+1.424 frozen_z=-0.126 unreal=$+22.17 (+1.11%) prio=38.0 $1000/leg
2026-03-27 17:45:37 [Day 275] EXIT:reversion HBAN/MTB [HBAN/MTB:270] S 5d $ +22.17 (+1.11%) z_now=-0.126 z_entry=+1.424 | freed $2000 | pool=$10000
2026-03-27 17:45:37 [Day 275] REJECT CPT/EQR LONG win_rate=0% (0W/2L) < 40%
2026-03-27 17:45:37 [Day 275] REJECT HBAN/MTB no historical LONG entries to compute win rate
2026-03-27 17:45:37 [Day 275] SCAN_FUNNEL candidates=140 valid_signals=0 open=0 pool=$10000 (no actionable signals today)
2026-03-27 17:45:37 [Day 275] DAILY: 0 pos, deployed=$0/10000 (0%), pool=$10000, entries=0 exits=1 rot=0 pnl=$+22.17 | IDLE
2026-03-27 17:45:37 [Day 276] REJECT CPT/EQR LONG win_rate=0% (0W/2L) < 40%
2026-03-27 17:45:37 [Day 276] REJECT HBAN/MTB no historical LONG entries to compute win rate
2026-03-27 17:45:37 [Day 276] SCAN_FUNNEL candidates=140 valid_signals=0 open=0 pool=$10000 (no actionable signals today)
2026-03-27 17:45:37 [Day 276] DAILY: 0 pos, deployed=$0/10000 (0%), pool=$10000, entries=0 exits=0 rot=0 pnl=$+0.00 | IDLE
2026-03-27 17:45:37 [Day 277] REJECT CPT/EQR LONG win_rate=0% (0W/2L) < 40%
2026-03-27 17:45:37 [Day 277] REJECT HBAN/MTB no historical LONG entries to compute win rate
2026-03-27 17:45:37 [Day 277] SCAN_FUNNEL candidates=140 valid_signals=0 open=0 pool=$10000 (no actionable signals today)
2026-03-27 17:45:37 [Day 277] DAILY: 0 pos, deployed=$0/10000 (0%), pool=$10000, entries=0 exits=0 rot=0 pnl=$+0.00 | IDLE
2026-03-27 17:45:37 [Day 278] REJECT CPT/EQR no historical SHORT entries to compute win rate
2026-03-27 17:45:37 [Day 278] REJECT HBAN/MTB no historical LONG entries to compute win rate
2026-03-27 17:45:37 [Day 278] SCAN_FUNNEL candidates=140 valid_signals=0 open=0 pool=$10000 (no actionable signals today)
2026-03-27 17:45:37 [Day 278] DAILY: 0 pos, deployed=$0/10000 (0%), pool=$10000, entries=0 exits=0 rot=0 pnl=$+0.00 | IDLE
2026-03-27 17:45:37 [Day 279] REJECT CPT/EQR no historical SHORT entries to compute win rate
2026-03-27 17:45:38 [Day 279] REJECT HBAN/MTB no historical LONG entries to compute win rate
2026-03-27 17:45:38 [Day 279] SCAN_FUNNEL candidates=140 valid_signals=0 open=0 pool=$10000 (no actionable signals today)
2026-03-27 17:45:38 [Day 279] DAILY: 0 pos, deployed=$0/10000 (0%), pool=$10000, entries=0 exits=0 rot=0 pnl=$+0.00 | IDLE
2026-03-27 17:45:38 
2026-03-27 17:45:38 ======================================================================
2026-03-27 17:45:38 RESULTS — $10,000 capital, 140 pairs
2026-03-27 17:45:38 ======================================================================
2026-03-27 17:45:38 ALL TIME: 2t $+25.15 RoCC=+0.0013%/day RoEC=+0.1048%/day Util=1.3%
2026-03-27 17:45:38 LAST 30d: 1t 1w (100%) $+22.17
2026-03-27 17:45:38   RoEC (return on employed):  +0.2217%/day
2026-03-27 17:45:38   Utilization:                4.5%
2026-03-27 17:45:38   RoCC (return on committed): +0.0101%/day  (= RoEC x Util)
2026-03-27 17:45:38   Return per trade:           +1.109%
2026-03-27 17:45:38   Opportunity cost (idle $):  $+465.62
2026-03-27 17:45:38 LAST 2wk: 1t 1w $+22.17 ($+2.22/day)
2026-03-27 17:45:38 
EXIT REASONS: max_hold=1 (50%), rotation=0 (0%)
2026-03-27 17:45:38 
DAILY (last 2 weeks):
2026-03-27 17:45:38   Day 270: 1 open, $ 2,000 deployed (20%), pnl=$  +0.00 cum=$  +0.00
2026-03-27 17:45:38   Day 271: 1 open, $ 2,000 deployed (20%), pnl=$  +0.00 cum=$  +0.00
2026-03-27 17:45:38   Day 272: 1 open, $ 2,000 deployed (20%), pnl=$  +0.00 cum=$  +0.00
2026-03-27 17:45:38   Day 273: 1 open, $ 2,000 deployed (20%), pnl=$  +0.00 cum=$  +0.00
2026-03-27 17:45:38   Day 274: 1 open, $ 2,000 deployed (20%), pnl=$  +0.00 cum=$  +0.00
2026-03-27 17:45:38   Day 275: 0 open, $     0 deployed ( 0%), pnl=$ +22.17 cum=$ +22.17
2026-03-27 17:45:38   Day 276: 0 open, $     0 deployed ( 0%), pnl=$  +0.00 cum=$ +22.17
2026-03-27 17:45:38   Day 277: 0 open, $     0 deployed ( 0%), pnl=$  +0.00 cum=$ +22.17
2026-03-27 17:45:38   Day 278: 0 open, $     0 deployed ( 0%), pnl=$  +0.00 cum=$ +22.17
2026-03-27 17:45:38   Day 279: 0 open, $     0 deployed ( 0%), pnl=$  +0.00 cum=$ +22.17
2026-03-27 17:45:38 
PER PAIR:
2026-03-27 17:45:38   HBAN/MTB         1t  1w $ +22.17 RoEC=+0.222%/day ret/trade=+1.11% avg_hold=5.0d ($1000/leg)
2026-03-27 17:45:38   KEY/RF           1t  1w $  +2.97 RoEC=+0.021%/day ret/trade=+0.15% avg_hold=7.0d ($1000/leg)
2026-03-27 17:45:38 Dashboard: file:///Users/gulshan/OpenQuant/dashboards/capital_dashboard.html
